[22-Aug-2023 18:34:49 America/Bogota] ConexioÌn establecida
[22-Aug-2023 18:39:58 America/Bogota] Connection established with the database
[22-Aug-2023 18:43:52 America/Bogota] Connection established with the database
[22-Aug-2023 18:43:53 America/Bogota] Connection established with the database
[22-Aug-2023 18:43:53 America/Bogota] Connection established with the database
[22-Aug-2023 20:10:13 America/Bogota] Connection established with the database
[23-Aug-2023 16:32:36 America/Bogota] Connection established with the database
[23-Aug-2023 16:32:36 America/Bogota] Connection established with the database
[23-Aug-2023 16:36:09 America/Bogota] Connection established with the database
[23-Aug-2023 16:36:13 America/Bogota] Connection established with the database
[23-Aug-2023 16:36:19 America/Bogota] Connection established with the database
[23-Aug-2023 16:36:54 America/Bogota] Connection established with the database
[23-Aug-2023 16:36:54 America/Bogota] Connection established with the database
[23-Aug-2023 16:37:05 America/Bogota] Connection established with the database
[23-Aug-2023 16:37:19 America/Bogota] Connection established with the database
[23-Aug-2023 16:37:31 America/Bogota] Connection established with the database
[23-Aug-2023 18:54:40 America/Bogota] Connection established with the database
[23-Aug-2023 18:55:52 America/Bogota] Connection established with the database
[23-Aug-2023 18:56:18 America/Bogota] Connection established with the database
[23-Aug-2023 18:56:18 America/Bogota] Connection established with the database
[23-Aug-2023 18:56:44 America/Bogota] Connection established with the database
[23-Aug-2023 19:00:51 America/Bogota] Connection established with the database
[23-Aug-2023 19:02:15 America/Bogota] PHP Fatal error:  Uncaught TypeError: array_keys(): Argument #1 ($array) must be of type array, null given in C:\xampp\htdocs\dashboard\project_pizzeria\IdeasFactory-PizzeriaDonRemolo\backend\src\controllers\FoodController.php:51
Stack trace:
#0 C:\xampp\htdocs\dashboard\project_pizzeria\IdeasFactory-PizzeriaDonRemolo\backend\src\controllers\FoodController.php(51): array_keys(NULL)
#1 C:\xampp\htdocs\dashboard\project_pizzeria\IdeasFactory-PizzeriaDonRemolo\backend\src\routes\food.php(31): App\Controllers\FoodController->createFood()
#2 C:\xampp\htdocs\dashboard\project_pizzeria\IdeasFactory-PizzeriaDonRemolo\backend\index.php(28): require('C:\\xampp\\htdocs...')
#3 {main}
  thrown in C:\xampp\htdocs\dashboard\project_pizzeria\IdeasFactory-PizzeriaDonRemolo\backend\src\controllers\FoodController.php on line 51
[23-Aug-2023 19:03:42 America/Bogota] PHP Fatal error:  Uncaught TypeError: array_keys(): Argument #1 ($array) must be of type array, null given in C:\xampp\htdocs\dashboard\project_pizzeria\IdeasFactory-PizzeriaDonRemolo\backend\src\controllers\FoodController.php:51
Stack trace:
#0 C:\xampp\htdocs\dashboard\project_pizzeria\IdeasFactory-PizzeriaDonRemolo\backend\src\controllers\FoodController.php(51): array_keys(NULL)
#1 C:\xampp\htdocs\dashboard\project_pizzeria\IdeasFactory-PizzeriaDonRemolo\backend\src\routes\food.php(31): App\Controllers\FoodController->createFood()
#2 C:\xampp\htdocs\dashboard\project_pizzeria\IdeasFactory-PizzeriaDonRemolo\backend\index.php(28): require('C:\\xampp\\htdocs...')
#3 {main}
  thrown in C:\xampp\htdocs\dashboard\project_pizzeria\IdeasFactory-PizzeriaDonRemolo\backend\src\controllers\FoodController.php on line 51
[23-Aug-2023 19:04:02 America/Bogota] Connection established with the database
[23-Aug-2023 19:04:02 America/Bogota] Connection established with the database
[23-Aug-2023 19:04:29 America/Bogota] Connection established with the database
[23-Aug-2023 19:04:36 America/Bogota] Connection established with the database
[23-Aug-2023 19:04:36 America/Bogota] Connection established with the database
[23-Aug-2023 19:05:36 America/Bogota] Connection established with the database
[23-Aug-2023 19:06:00 America/Bogota] Connection established with the database
[23-Aug-2023 19:06:51 America/Bogota] Connection established with the database
[23-Aug-2023 19:08:10 America/Bogota] Connection established with the database
